<?xml version="1.0" encoding="UTF-8"?>
<testsuite name="com.gatest.products.ProductRepositoryApplicationTests" tests="1" skipped="0" failures="0" errors="0" timestamp="2019-08-01T16:12:31" hostname="dhcp-10-101-179-226.wireless.northwestern.private" time="0.038">
  <properties/>
  <testcase name="contextLoads" classname="com.gatest.products.ProductRepositoryApplicationTests" time="0.038"/>
  <system-out><![CDATA[11:12:24.742 [Test worker] DEBUG org.springframework.test.context.junit4.SpringJUnit4ClassRunner - SpringJUnit4ClassRunner constructor called with [class com.gatest.products.ProductRepositoryApplicationTests]
11:12:24.749 [Test worker] DEBUG org.springframework.test.context.BootstrapUtils - Instantiating CacheAwareContextLoaderDelegate from class [org.springframework.test.context.cache.DefaultCacheAwareContextLoaderDelegate]
11:12:24.757 [Test worker] DEBUG org.springframework.test.context.BootstrapUtils - Instantiating BootstrapContext using constructor [public org.springframework.test.context.support.DefaultBootstrapContext(java.lang.Class,org.springframework.test.context.CacheAwareContextLoaderDelegate)]
11:12:24.772 [Test worker] DEBUG org.springframework.test.context.BootstrapUtils - Instantiating TestContextBootstrapper for test class [com.gatest.products.ProductRepositoryApplicationTests] from class [org.springframework.boot.test.context.SpringBootTestContextBootstrapper]
11:12:24.782 [Test worker] INFO org.springframework.boot.test.context.SpringBootTestContextBootstrapper - Neither @ContextConfiguration nor @ContextHierarchy found for test class [com.gatest.products.ProductRepositoryApplicationTests], using SpringBootContextLoader
11:12:24.784 [Test worker] DEBUG org.springframework.test.context.support.AbstractContextLoader - Did not detect default resource location for test class [com.gatest.products.ProductRepositoryApplicationTests]: class path resource [com/gatest/products/ProductRepositoryApplicationTests-context.xml] does not exist
11:12:24.785 [Test worker] DEBUG org.springframework.test.context.support.AbstractContextLoader - Did not detect default resource location for test class [com.gatest.products.ProductRepositoryApplicationTests]: class path resource [com/gatest/products/ProductRepositoryApplicationTestsContext.groovy] does not exist
11:12:24.785 [Test worker] INFO org.springframework.test.context.support.AbstractContextLoader - Could not detect default resource locations for test class [com.gatest.products.ProductRepositoryApplicationTests]: no resource found for suffixes {-context.xml, Context.groovy}.
11:12:24.785 [Test worker] INFO org.springframework.test.context.support.AnnotationConfigContextLoaderUtils - Could not detect default configuration classes for test class [com.gatest.products.ProductRepositoryApplicationTests]: ProductRepositoryApplicationTests does not declare any static, non-private, non-final, nested classes annotated with @Configuration.
11:12:24.821 [Test worker] DEBUG org.springframework.test.context.support.ActiveProfilesUtils - Could not find an 'annotation declaring class' for annotation type [org.springframework.test.context.ActiveProfiles] and class [com.gatest.products.ProductRepositoryApplicationTests]
11:12:24.895 [Test worker] DEBUG org.springframework.context.annotation.ClassPathScanningCandidateComponentProvider - Identified candidate component class: file [/Users/jenniferdalton/Documents/githome/Interview/products-repository/build/classes/java/main/com/gatest/products/ProductRepositoryApplication.class]
11:12:24.896 [Test worker] INFO org.springframework.boot.test.context.SpringBootTestContextBootstrapper - Found @SpringBootConfiguration com.gatest.products.ProductRepositoryApplication for test class com.gatest.products.ProductRepositoryApplicationTests
11:12:25.028 [Test worker] DEBUG org.springframework.boot.test.context.SpringBootTestContextBootstrapper - @TestExecutionListeners is not present for class [com.gatest.products.ProductRepositoryApplicationTests]: using defaults.
11:12:25.029 [Test worker] INFO org.springframework.boot.test.context.SpringBootTestContextBootstrapper - Loaded default TestExecutionListener class names from location [META-INF/spring.factories]: [org.springframework.boot.test.autoconfigure.restdocs.RestDocsTestExecutionListener, org.springframework.boot.test.autoconfigure.web.client.MockRestServiceServerResetTestExecutionListener, org.springframework.boot.test.autoconfigure.web.servlet.MockMvcPrintOnlyOnFailureTestExecutionListener, org.springframework.boot.test.autoconfigure.web.servlet.WebDriverTestExecutionListener, org.springframework.boot.test.mock.mockito.MockitoTestExecutionListener, org.springframework.boot.test.mock.mockito.ResetMocksTestExecutionListener, org.springframework.test.context.web.ServletTestExecutionListener, org.springframework.test.context.support.DirtiesContextBeforeModesTestExecutionListener, org.springframework.test.context.support.DependencyInjectionTestExecutionListener, org.springframework.test.context.support.DirtiesContextTestExecutionListener, org.springframework.test.context.transaction.TransactionalTestExecutionListener, org.springframework.test.context.jdbc.SqlScriptsTestExecutionListener]
11:12:25.042 [Test worker] INFO org.springframework.boot.test.context.SpringBootTestContextBootstrapper - Using TestExecutionListeners: [org.springframework.test.context.web.ServletTestExecutionListener@50a12856, org.springframework.test.context.support.DirtiesContextBeforeModesTestExecutionListener@434f3b7c, org.springframework.boot.test.mock.mockito.MockitoTestExecutionListener@6550d4cd, org.springframework.boot.test.autoconfigure.SpringBootDependencyInjectionTestExecutionListener@2517a18d, org.springframework.test.context.support.DirtiesContextTestExecutionListener@7caddee1, org.springframework.test.context.transaction.TransactionalTestExecutionListener@46839ed3, org.springframework.test.context.jdbc.SqlScriptsTestExecutionListener@2516cc72, org.springframework.boot.test.autoconfigure.restdocs.RestDocsTestExecutionListener@3d950a94, org.springframework.boot.test.autoconfigure.web.client.MockRestServiceServerResetTestExecutionListener@2fdd8111, org.springframework.boot.test.autoconfigure.web.servlet.MockMvcPrintOnlyOnFailureTestExecutionListener@7572f73f, org.springframework.boot.test.autoconfigure.web.servlet.WebDriverTestExecutionListener@6614c0bf, org.springframework.boot.test.mock.mockito.ResetMocksTestExecutionListener@7340b743]
11:12:25.044 [Test worker] DEBUG org.springframework.test.annotation.ProfileValueUtils - Retrieved @ProfileValueSourceConfiguration [null] for test class [com.gatest.products.ProductRepositoryApplicationTests]
11:12:25.044 [Test worker] DEBUG org.springframework.test.annotation.ProfileValueUtils - Retrieved ProfileValueSource type [class org.springframework.test.annotation.SystemProfileValueSource] for class [com.gatest.products.ProductRepositoryApplicationTests]
11:12:25.045 [Test worker] DEBUG org.springframework.test.annotation.ProfileValueUtils - Retrieved @ProfileValueSourceConfiguration [null] for test class [com.gatest.products.ProductRepositoryApplicationTests]
11:12:25.045 [Test worker] DEBUG org.springframework.test.annotation.ProfileValueUtils - Retrieved ProfileValueSource type [class org.springframework.test.annotation.SystemProfileValueSource] for class [com.gatest.products.ProductRepositoryApplicationTests]
11:12:25.048 [Test worker] DEBUG org.springframework.test.context.support.AbstractDirtiesContextTestExecutionListener - Before test class: context [DefaultTestContext@f5062c9 testClass = ProductRepositoryApplicationTests, testInstance = [null], testMethod = [null], testException = [null], mergedContextConfiguration = [WebMergedContextConfiguration@5e289021 testClass = ProductRepositoryApplicationTests, locations = '{}', classes = '{class com.gatest.products.ProductRepositoryApplication}', contextInitializerClasses = '[]', activeProfiles = '{}', propertySourceLocations = '{}', propertySourceProperties = '{org.springframework.boot.test.context.SpringBootTestContextBootstrapper=true}', contextCustomizers = set[org.springframework.boot.test.autoconfigure.properties.PropertyMappingContextCustomizer@0, org.springframework.boot.test.autoconfigure.web.servlet.WebDriverContextCustomizerFactory$Customizer@76b89b1b, org.springframework.boot.test.context.filter.ExcludeFilterContextCustomizer@7d7b6fe9, org.springframework.boot.test.json.DuplicateJsonObjectContextCustomizerFactory$DuplicateJsonObjectContextCustomizer@6f5c647, org.springframework.boot.test.mock.mockito.MockitoContextCustomizer@0, org.springframework.boot.test.web.client.TestRestTemplateContextCustomizer@7c4d221], resourceBasePath = 'src/main/webapp', contextLoader = 'org.springframework.boot.test.context.SpringBootContextLoader', parent = [null]], attributes = map['org.springframework.test.context.web.ServletTestExecutionListener.activateListener' -> true]], class annotated with @DirtiesContext [false] with mode [null].
11:12:25.049 [Test worker] DEBUG org.springframework.test.annotation.ProfileValueUtils - Retrieved @ProfileValueSourceConfiguration [null] for test class [com.gatest.products.ProductRepositoryApplicationTests]
11:12:25.049 [Test worker] DEBUG org.springframework.test.annotation.ProfileValueUtils - Retrieved ProfileValueSource type [class org.springframework.test.annotation.SystemProfileValueSource] for class [com.gatest.products.ProductRepositoryApplicationTests]
11:12:25.067 [Test worker] DEBUG org.springframework.test.context.support.TestPropertySourceUtils - Adding inlined properties to environment: {spring.jmx.enabled=false, org.springframework.boot.test.context.SpringBootTestContextBootstrapper=true, server.port=-1}
2019-08-01 11:12:25.579  INFO 27894 --- [    Test worker] trationDelegate$BeanPostProcessorChecker : Bean 'org.springframework.cloud.autoconfigure.ConfigurationPropertiesRebinderAutoConfiguration' of type [org.springframework.cloud.autoconfigure.ConfigurationPropertiesRebinderAutoConfiguration$$EnhancerBySpringCGLIB$$48260793] is not eligible for getting processed by all BeanPostProcessors (for example: not eligible for auto-proxying)

  .   ____          _            __ _ _
 /\\ / ___'_ __ _ _(_)_ __  __ _ \ \ \ \
( ( )\___ | '_ | '_| | '_ \/ _` | \ \ \ \
 \\/  ___)| |_)| | | | | || (_| |  ) ) ) )
  '  |____| .__|_| |_|_| |_\__, | / / / /
 =========|_|==============|___/=/_/_/_/
 :: Spring Boot ::        (v2.1.6.RELEASE)

2019-08-01 11:12:25.743  INFO 27894 --- [    Test worker] c.g.p.ProductRepositoryApplicationTests  : No active profile set, falling back to default profiles: default
2019-08-01 11:12:26.410  INFO 27894 --- [    Test worker] .s.d.r.c.RepositoryConfigurationDelegate : Bootstrapping Spring Data repositories in DEFAULT mode.
2019-08-01 11:12:26.485  INFO 27894 --- [    Test worker] .s.d.r.c.RepositoryConfigurationDelegate : Finished Spring Data repository scanning in 66ms. Found 1 repository interfaces.
2019-08-01 11:12:26.658  WARN 27894 --- [    Test worker] o.s.boot.actuate.endpoint.EndpointId     : Endpoint ID 'service-registry' contains invalid characters, please migrate to a valid format.
2019-08-01 11:12:26.920  INFO 27894 --- [    Test worker] o.s.cloud.context.scope.GenericScope     : BeanFactory id=87dbf076-13b6-3ece-99ab-0067cd038187
2019-08-01 11:12:27.091  INFO 27894 --- [    Test worker] trationDelegate$BeanPostProcessorChecker : Bean 'org.springframework.transaction.annotation.ProxyTransactionManagementConfiguration' of type [org.springframework.transaction.annotation.ProxyTransactionManagementConfiguration$$EnhancerBySpringCGLIB$$2c0c0496] is not eligible for getting processed by all BeanPostProcessors (for example: not eligible for auto-proxying)
2019-08-01 11:12:27.123  INFO 27894 --- [    Test worker] trationDelegate$BeanPostProcessorChecker : Bean 'org.springframework.hateoas.config.HateoasConfiguration' of type [org.springframework.hateoas.config.HateoasConfiguration$$EnhancerBySpringCGLIB$$ab8c51c8] is not eligible for getting processed by all BeanPostProcessors (for example: not eligible for auto-proxying)
2019-08-01 11:12:27.141  INFO 27894 --- [    Test worker] trationDelegate$BeanPostProcessorChecker : Bean 'org.springframework.cloud.autoconfigure.ConfigurationPropertiesRebinderAutoConfiguration' of type [org.springframework.cloud.autoconfigure.ConfigurationPropertiesRebinderAutoConfiguration$$EnhancerBySpringCGLIB$$48260793] is not eligible for getting processed by all BeanPostProcessors (for example: not eligible for auto-proxying)
2019-08-01 11:12:27.381  INFO 27894 --- [    Test worker] com.zaxxer.hikari.HikariDataSource       : HikariPool-1 - Starting...
2019-08-01 11:12:27.571  INFO 27894 --- [    Test worker] com.zaxxer.hikari.HikariDataSource       : HikariPool-1 - Start completed.
2019-08-01 11:12:27.647  INFO 27894 --- [    Test worker] o.hibernate.jpa.internal.util.LogHelper  : HHH000204: Processing PersistenceUnitInfo [
	name: default
	...]
2019-08-01 11:12:27.724  INFO 27894 --- [    Test worker] org.hibernate.Version                    : HHH000412: Hibernate Core {5.3.10.Final}
2019-08-01 11:12:27.726  INFO 27894 --- [    Test worker] org.hibernate.cfg.Environment            : HHH000206: hibernate.properties not found
2019-08-01 11:12:27.860  INFO 27894 --- [    Test worker] o.hibernate.annotations.common.Version   : HCANN000001: Hibernate Commons Annotations {5.0.4.Final}
2019-08-01 11:12:27.993  INFO 27894 --- [    Test worker] org.hibernate.dialect.Dialect            : HHH000400: Using dialect: org.hibernate.dialect.H2Dialect
2019-08-01 11:12:28.539  INFO 27894 --- [    Test worker] o.h.t.schema.internal.SchemaCreatorImpl  : HHH000476: Executing import script 'org.hibernate.tool.schema.internal.exec.ScriptSourceInputNonExistentImpl@1200c647'
2019-08-01 11:12:28.541  INFO 27894 --- [    Test worker] j.LocalContainerEntityManagerFactoryBean : Initialized JPA EntityManagerFactory for persistence unit 'default'
2019-08-01 11:12:29.592  WARN 27894 --- [    Test worker] c.n.c.sources.URLConfigurationSource     : No URLs will be polled as dynamic configuration sources.
2019-08-01 11:12:29.593  INFO 27894 --- [    Test worker] c.n.c.sources.URLConfigurationSource     : To enable URLs as dynamic configuration sources, define System property archaius.configurationSource.additionalUrls or make config.properties available on classpath.
2019-08-01 11:12:29.598  WARN 27894 --- [    Test worker] c.n.c.sources.URLConfigurationSource     : No URLs will be polled as dynamic configuration sources.
2019-08-01 11:12:29.599  INFO 27894 --- [    Test worker] c.n.c.sources.URLConfigurationSource     : To enable URLs as dynamic configuration sources, define System property archaius.configurationSource.additionalUrls or make config.properties available on classpath.
2019-08-01 11:12:30.094  INFO 27894 --- [    Test worker] o.s.s.concurrent.ThreadPoolTaskExecutor  : Initializing ExecutorService 'applicationTaskExecutor'
2019-08-01 11:12:30.158  WARN 27894 --- [    Test worker] aWebConfiguration$JpaWebMvcConfiguration : spring.jpa.open-in-view is enabled by default. Therefore, database queries may be performed during view rendering. Explicitly configure spring.jpa.open-in-view to disable this warning
2019-08-01 11:12:31.477  INFO 27894 --- [    Test worker] o.s.b.a.e.web.EndpointLinksResolver      : Exposing 2 endpoint(s) beneath base path '/actuator'
2019-08-01 11:12:31.552  INFO 27894 --- [    Test worker] c.g.p.ProductRepositoryApplicationTests  : Started ProductRepositoryApplicationTests in 6.475 seconds (JVM running for 7.36)
]]></system-out>
  <system-err><![CDATA[]]></system-err>
</testsuite>
